<?xml version="1.0" encoding="UTF-8"?>
<!-- Generated by org.testng.reporters.JUnitXMLReporter -->
<testsuite ignored="0" hostname="Pro-VigneshRavi" failures="0" tests="3" name="Default test" time="14.814" errors="0" timestamp="2022-07-25T11:15:57 IST">
  <testcase classname="allure.test" name="invalidloginpage11" time="1.109"/>
  <testcase classname="allure.test" name="invalidloginpage" time="0.023"/>
  <testcase classname="allure.test" name="rostering" time="0.018">
    <skipped/>
  </testcase> <!-- rostering -->
</testsuite> <!-- Default test -->
