<?xml version="1.0" encoding="UTF-8"?>
<testng-results ignored="0" total="3" passed="2" failed="0" skipped="1">
  <reporter-output>
  </reporter-output>
  <suite started-at="2022-07-25T11:15:42 IST" name="Default suite" finished-at="2022-07-25T11:15:56 IST" duration-ms="14814">
    <groups>
    </groups>
    <test started-at="2022-07-25T11:15:42 IST" name="Default test" finished-at="2022-07-25T11:15:56 IST" duration-ms="14814">
      <class name="allure.test">
        <test-method is-config="true" signature="driverInitialization()[pri:0, instance:allure.test@385ef531]" started-at="2022-07-25T11:15:42 IST" name="driverInitialization" finished-at="2022-07-25T11:15:55 IST" duration-ms="13098" status="PASS">
          <reporter-output>
          </reporter-output>
        </test-method> <!-- driverInitialization -->
        <test-method signature="invalidloginpage11()[pri:4, instance:allure.test@385ef531]" started-at="2022-07-25T11:15:55 IST" name="invalidloginpage11" finished-at="2022-07-25T11:15:56 IST" duration-ms="1109" status="PASS">
          <reporter-output>
          </reporter-output>
        </test-method> <!-- invalidloginpage11 -->
        <test-method signature="invalidloginpage()[pri:5, instance:allure.test@385ef531]" started-at="2022-07-25T11:15:56 IST" name="invalidloginpage" finished-at="2022-07-25T11:15:56 IST" duration-ms="23" status="PASS">
          <reporter-output>
          </reporter-output>
        </test-method> <!-- invalidloginpage -->
        <test-method signature="rostering()[pri:5, instance:allure.test@385ef531]" started-at="2022-07-25T11:15:56 IST" name="rostering" finished-at="2022-07-25T11:15:56 IST" duration-ms="18" status="SKIP">
          <exception class="org.testng.SkipException">
            <message>
              <![CDATA[skip the test]]>
            </message>
            <full-stacktrace>
              <![CDATA[org.testng.SkipException: skip the test
at allure.test.rostering(test.java:98)
at java.base/jdk.internal.reflect.DirectMethodHandleAccessor.invoke(DirectMethodHandleAccessor.java:104)
at java.base/java.lang.reflect.Method.invoke(Method.java:577)
at org.testng.internal.MethodInvocationHelper.invokeMethod(MethodInvocationHelper.java:133)
at org.testng.internal.TestInvoker.invokeMethod(TestInvoker.java:598)
at org.testng.internal.TestInvoker.invokeTestMethod(TestInvoker.java:173)
at org.testng.internal.MethodRunner.runInSequence(MethodRunner.java:46)
at org.testng.internal.TestInvoker$MethodInvocationAgent.invoke(TestInvoker.java:824)
at org.testng.internal.TestInvoker.invokeTestMethods(TestInvoker.java:146)
at org.testng.internal.TestMethodWorker.invokeTestMethods(TestMethodWorker.java:146)
at org.testng.internal.TestMethodWorker.run(TestMethodWorker.java:128)
at java.base/java.util.ArrayList.forEach(ArrayList.java:1511)
at org.testng.TestRunner.privateRun(TestRunner.java:794)
at org.testng.TestRunner.run(TestRunner.java:596)
at org.testng.SuiteRunner.runTest(SuiteRunner.java:377)
at org.testng.SuiteRunner.runSequentially(SuiteRunner.java:371)
at org.testng.SuiteRunner.privateRun(SuiteRunner.java:332)
at org.testng.SuiteRunner.run(SuiteRunner.java:276)
at org.testng.SuiteRunnerWorker.runSuite(SuiteRunnerWorker.java:53)
at org.testng.SuiteRunnerWorker.run(SuiteRunnerWorker.java:96)
at org.testng.TestNG.runSuitesSequentially(TestNG.java:1212)
at org.testng.TestNG.runSuitesLocally(TestNG.java:1134)
at org.testng.TestNG.runSuites(TestNG.java:1063)
at org.testng.TestNG.run(TestNG.java:1031)
at org.testng.remote.AbstractRemoteTestNG.run(AbstractRemoteTestNG.java:115)
at org.testng.remote.RemoteTestNG.initAndRun(RemoteTestNG.java:251)
at org.testng.remote.RemoteTestNG.main(RemoteTestNG.java:77)
]]>
            </full-stacktrace>
          </exception> <!-- org.testng.SkipException -->
          <reporter-output>
          </reporter-output>
        </test-method> <!-- rostering -->
      </class> <!-- allure.test -->
    </test> <!-- Default test -->
  </suite> <!-- Default suite -->
</testng-results>
